[2025-01-24 21:58:42] local.ERROR: Please provide a valid cache path. {"exception":"[object] (InvalidArgumentException(code: 0): Please provide a valid cache path. at C:\\Users\\SergioOviedoVarela\\Desktop\\entrefamilias\\vendor\\laravel\\framework\\src\\Illuminate\\View\\Compilers\\Compiler.php:67)
[stacktrace]
#0 C:\\Users\\SergioOviedoVarela\\Desktop\\entrefamilias\\vendor\\laravel\\framework\\src\\Illuminate\\View\\ViewServiceProvider.php(97): Illuminate\\View\\Compilers\\Compiler->__construct()
#1 C:\\Users\\SergioOviedoVarela\\Desktop\\entrefamilias\\vendor\\laravel\\framework\\src\\Illuminate\\Container\\Container.php(900): Illuminate\\View\\ViewServiceProvider->Illuminate\\View\\{closure}()
#2 C:\\Users\\SergioOviedoVarela\\Desktop\\entrefamilias\\vendor\\laravel\\framework\\src\\Illuminate\\Container\\Container.php(787): Illuminate\\Container\\Container->build()
#3 C:\\Users\\SergioOviedoVarela\\Desktop\\entrefamilias\\vendor\\laravel\\framework\\src\\Illuminate\\Foundation\\Application.php(1041): Illuminate\\Container\\Container->resolve()
#4 C:\\Users\\SergioOviedoVarela\\Desktop\\entrefamilias\\vendor\\laravel\\framework\\src\\Illuminate\\Container\\Container.php(723): Illuminate\\Foundation\\Application->resolve()
#5 C:\\Users\\SergioOviedoVarela\\Desktop\\entrefamilias\\vendor\\laravel\\framework\\src\\Illuminate\\Foundation\\Application.php(1026): Illuminate\\Container\\Container->make()
#6 C:\\Users\\SergioOviedoVarela\\Desktop\\entrefamilias\\vendor\\laravel\\framework\\src\\Illuminate\\Container\\Container.php(1446): Illuminate\\Foundation\\Application->make()
#7 C:\\Users\\SergioOviedoVarela\\Desktop\\entrefamilias\\vendor\\laravel\\framework\\src\\Illuminate\\Support\\Facades\\Facade.php(237): Illuminate\\Container\\Container->offsetGet()
#8 C:\\Users\\SergioOviedoVarela\\Desktop\\entrefamilias\\vendor\\laravel\\framework\\src\\Illuminate\\Support\\Facades\\Facade.php(208): Illuminate\\Support\\Facades\\Facade::resolveFacadeInstance()
#9 C:\\Users\\SergioOviedoVarela\\Desktop\\entrefamilias\\vendor\\laravel\\framework\\src\\Illuminate\\Support\\Facades\\Facade.php(351): Illuminate\\Support\\Facades\\Facade::getFacadeRoot()
#10 C:\\Users\\SergioOviedoVarela\\Desktop\\entrefamilias\\vendor\\livewire\\livewire\\src\\Mechanisms\\FrontendAssets\\FrontendAssets.php(30): Illuminate\\Support\\Facades\\Facade::__callStatic()
#11 C:\\Users\\SergioOviedoVarela\\Desktop\\entrefamilias\\vendor\\livewire\\livewire\\src\\LivewireServiceProvider.php(77): Livewire\\Mechanisms\\FrontendAssets\\FrontendAssets->boot()
#12 C:\\Users\\SergioOviedoVarela\\Desktop\\entrefamilias\\vendor\\livewire\\livewire\\src\\LivewireServiceProvider.php(19): Livewire\\LivewireServiceProvider->bootMechanisms()
#13 C:\\Users\\SergioOviedoVarela\\Desktop\\entrefamilias\\vendor\\laravel\\framework\\src\\Illuminate\\Container\\BoundMethod.php(36): Livewire\\LivewireServiceProvider->boot()
#14 C:\\Users\\SergioOviedoVarela\\Desktop\\entrefamilias\\vendor\\laravel\\framework\\src\\Illuminate\\Container\\Util.php(41): Illuminate\\Container\\BoundMethod::Illuminate\\Container\\{closure}()
#15 C:\\Users\\SergioOviedoVarela\\Desktop\\entrefamilias\\vendor\\laravel\\framework\\src\\Illuminate\\Container\\BoundMethod.php(93): Illuminate\\Container\\Util::unwrapIfClosure()
#16 C:\\Users\\SergioOviedoVarela\\Desktop\\entrefamilias\\vendor\\laravel\\framework\\src\\Illuminate\\Container\\BoundMethod.php(35): Illuminate\\Container\\BoundMethod::callBoundMethod()
#17 C:\\Users\\SergioOviedoVarela\\Desktop\\entrefamilias\\vendor\\laravel\\framework\\src\\Illuminate\\Container\\Container.php(662): Illuminate\\Container\\BoundMethod::call()
#18 C:\\Users\\SergioOviedoVarela\\Desktop\\entrefamilias\\vendor\\laravel\\framework\\src\\Illuminate\\Foundation\\Application.php(1114): Illuminate\\Container\\Container->call()
#19 C:\\Users\\SergioOviedoVarela\\Desktop\\entrefamilias\\vendor\\laravel\\framework\\src\\Illuminate\\Foundation\\Application.php(1095): Illuminate\\Foundation\\Application->bootProvider()
#20 [internal function]: Illuminate\\Foundation\\Application->Illuminate\\Foundation\\{closure}()
#21 C:\\Users\\SergioOviedoVarela\\Desktop\\entrefamilias\\vendor\\laravel\\framework\\src\\Illuminate\\Foundation\\Application.php(1094): array_walk()
#22 C:\\Users\\SergioOviedoVarela\\Desktop\\entrefamilias\\vendor\\laravel\\framework\\src\\Illuminate\\Foundation\\Bootstrap\\BootProviders.php(17): Illuminate\\Foundation\\Application->boot()
#23 C:\\Users\\SergioOviedoVarela\\Desktop\\entrefamilias\\vendor\\laravel\\framework\\src\\Illuminate\\Foundation\\Application.php(316): Illuminate\\Foundation\\Bootstrap\\BootProviders->bootstrap()
#24 C:\\Users\\SergioOviedoVarela\\Desktop\\entrefamilias\\vendor\\laravel\\framework\\src\\Illuminate\\Foundation\\Console\\Kernel.php(470): Illuminate\\Foundation\\Application->bootstrapWith()
#25 C:\\Users\\SergioOviedoVarela\\Desktop\\entrefamilias\\vendor\\laravel\\framework\\src\\Illuminate\\Foundation\\Console\\Kernel.php(194): Illuminate\\Foundation\\Console\\Kernel->bootstrap()
#26 C:\\Users\\SergioOviedoVarela\\Desktop\\entrefamilias\\vendor\\laravel\\framework\\src\\Illuminate\\Foundation\\Application.php(1198): Illuminate\\Foundation\\Console\\Kernel->handle()
#27 C:\\Users\\SergioOviedoVarela\\Desktop\\entrefamilias\\artisan(13): Illuminate\\Foundation\\Application->handleCommand()
#28 {main}
"} 
